\BOOKMARK [1][-]{section*.1}{\376\377\004\036\004\021\004\036\004\027\004\035\004\020\004\047\004\025\004\035\004\030\004\057\000\040\004\030\000\040\004\041\004\036\004\032\004\040\004\020\004\051\004\025\004\035\004\030\004\057}{}% 1
\BOOKMARK [1][-]{section*.2}{\376\377\004\022\004\022\004\025\004\024\004\025\004\035\004\030\004\025}{}% 2
\BOOKMARK [1][-]{section.1}{\376\377\004\042\004\065\004\076\004\100\004\065\004\102\004\070\004\107\004\065\004\101\004\072\004\060\004\117\000\040\004\107\004\060\004\101\004\102\004\114}{}% 3
\BOOKMARK [2][-]{subsection.1.1}{\376\377\004\032\004\076\004\073\004\073\004\060\004\061\004\076\004\100\004\060\004\102\004\070\004\062\004\075\004\060\004\117\000\040\004\104\004\070\004\073\004\114\004\102\004\100\004\060\004\106\004\070\004\117}{section.1}% 4
\BOOKMARK [2][-]{subsection.1.2}{\376\377\004\032\004\076\004\073\004\073\004\060\004\061\004\076\004\100\004\060\004\102\004\070\004\062\004\075\004\060\004\117\000\040\004\104\004\070\004\073\004\114\004\102\004\100\004\060\004\106\004\070\004\117\000\040\004\070\000\040\004\075\004\065\004\071\004\100\004\076\004\075\004\075\004\113\004\065\000\040\004\101\004\065\004\102\004\070}{section.1}% 5
\BOOKMARK [3][-]{subsubsection.1.2.1}{\376\377\004\044\004\103\004\075\004\072\004\106\004\070\004\117\000\040\004\060\004\072\004\102\004\070\004\062\004\060\004\106\004\070\004\070}{subsection.1.2}% 6
\BOOKMARK [3][-]{subsubsection.1.2.2}{\376\377\004\036\004\077\004\102\004\070\004\074\004\070\004\067\004\060\004\102\004\076\004\100\004\113}{subsection.1.2}% 7
\BOOKMARK [3][-]{subsubsection.1.2.3}{\376\377\004\044\004\103\004\075\004\072\004\106\004\070\004\117\000\040\004\077\004\076\004\102\004\065\004\100\004\114}{subsection.1.2}% 8
\BOOKMARK [3][-]{subsubsection.1.2.4}{\376\377\004\034\004\065\004\102\004\100\004\070\004\072\004\070}{subsection.1.2}% 9
\BOOKMARK [1][-]{section.2}{\376\377\004\037\004\100\004\060\004\072\004\102\004\070\004\107\004\065\004\101\004\072\004\060\004\117\000\040\004\107\004\060\004\101\004\102\004\114}{}% 10
\BOOKMARK [2][-]{subsection.2.1}{\376\377\004\044\004\076\004\100\004\074\004\060\004\073\004\114\004\075\004\060\004\117\000\040\004\077\004\076\004\101\004\102\004\060\004\075\004\076\004\062\004\072\004\060\000\040\004\067\004\060\004\064\004\060\004\107\004\070}{section.2}% 11
\BOOKMARK [2][-]{subsection.2.2}{\376\377\004\045\004\060\004\100\004\060\004\072\004\102\004\065\004\100\004\070\004\101\004\102\004\070\004\072\004\060\000\040\004\055\004\022\004\034}{section.2}% 12
\BOOKMARK [2][-]{subsection.2.3}{\376\377\004\036\004\077\004\070\004\101\004\060\004\075\004\070\004\065\000\040\004\064\004\060\004\075\004\075\004\113\004\105}{section.2}% 13
\BOOKMARK [3][-]{subsubsection.2.3.1}{\376\377\004\036\004\077\004\070\004\101\004\060\004\075\004\070\004\065\000\040\000a\000n\000i\000m\000e\000l\000i\000s\000t\000.\000c\000s\000v\000.}{subsection.2.3}% 14
\BOOKMARK [3][-]{subsubsection.2.3.2}{\376\377\004\036\004\077\004\070\004\101\004\060\004\075\004\070\004\065\000\040\000a\000n\000i\000m\000e\000.\000c\000s\000v\000.}{subsection.2.3}% 15
\BOOKMARK [3][-]{subsubsection.2.3.3}{\376\377\004\036\004\077\004\070\004\101\004\060\004\075\004\070\004\065\000\040\000a\000n\000i\000m\000e\000\137\000w\000i\000t\000h\000\137\000s\000y\000n\000o\000p\000s\000i\000s\000.\000c\000s\000v\000.}{subsection.2.3}% 16
\BOOKMARK [2][-]{subsection.2.4}{\376\377\004\040\004\060\004\067\004\062\004\065\004\064\004\076\004\107\004\075\004\113\004\071\000\040\004\060\004\075\004\060\004\073\004\070\004\067}{section.2}% 17
\BOOKMARK [2][-]{subsection.2.5}{\376\377\004\037\004\100\004\065\004\064\004\076\004\061\004\100\004\060\004\061\004\076\004\102\004\072\004\060\000\040\004\064\004\060\004\075\004\075\004\113\004\105}{section.2}% 18
\BOOKMARK [2][-]{subsection.2.6}{\376\377\004\040\004\060\004\067\004\100\004\060\004\061\004\076\004\102\004\072\004\060\000\040\004\070\000\040\004\060\004\075\004\060\004\073\004\070\004\067\000\040\004\074\004\076\004\064\004\065\004\073\004\065\004\071}{section.2}% 19
\BOOKMARK [2][-]{subsection.2.7}{\376\377\004\034\004\076\004\064\004\065\004\073\004\114\000\040\004\075\004\060\000\040\004\076\004\101\004\075\004\076\004\062\004\065\000\040\004\101\004\100\004\065\004\064\004\075\004\065\004\063\004\076\000\040\004\067\004\075\004\060\004\107\004\065\004\075\004\070\004\117}{section.2}% 20
\BOOKMARK [2][-]{subsection.2.8}{\376\377\004\034\004\076\004\064\004\065\004\073\004\114\000\040\004\075\004\060\000\040\004\076\004\101\004\075\004\076\004\062\004\065\000\040\000c\004\100\004\065\004\064\004\075\004\065\004\062\004\067\004\062\004\065\004\110\004\065\004\075\004\075\004\076\004\071\000\040\004\076\004\106\004\065\004\075\004\072\004\070}{section.2}% 21
\BOOKMARK [3][-]{subsubsection.2.8.1}{\376\377\004\034\004\076\004\064\004\065\004\073\004\114\000\040\004\072\004\073\004\060\004\101\004\102\004\065\004\100\004\070\004\067\004\060\004\106\004\070\004\070}{subsection.2.8}% 22
\BOOKMARK [3][-]{subsubsection.2.8.2}{\376\377\004\035\004\065\004\071\004\100\004\076\004\075\004\075\004\060\004\117\000\040\004\101\004\065\004\102\004\114}{subsection.2.8}% 23
\BOOKMARK [2][-]{subsection.2.9}{\376\377\004\040\004\065\004\067\004\103\004\073\004\114\004\102\004\060\004\102\004\113}{section.2}% 24
\BOOKMARK [2][-]{subsection.2.10}{\376\377\004\037\004\100\004\060\004\072\004\102\004\070\004\107\004\065\004\101\004\072\004\060\004\117\000\040\004\064\004\065\004\117\004\102\004\065\004\073\004\114\004\075\004\076\004\101\004\102\004\114}{section.2}% 25
\BOOKMARK [3][-]{subsubsection.2.10.1}{\376\377\000I\000t\000e\000m\000-\000b\000a\000s\000e\000d\000\040\004\075\004\060\000\040\004\076\004\101\004\075\004\076\004\062\004\065\000\040\004\075\004\065\004\071\004\100\004\076\004\075\004\075\004\076\004\071\000\040\004\101\004\065\004\102\004\070}{subsection.2.10}% 26
\BOOKMARK [3][-]{subsubsection.2.10.2}{\376\377\000U\000s\000e\000r\000-\000b\000a\000s\000e\000d\000\040\004\077\004\076\004\064\004\105\004\076\004\064\000\040\004\062\000\040\004\072\004\076\004\073\004\073\004\060\004\061\004\076\004\100\004\060\004\102\004\070\004\062\004\075\004\076\004\074\000\040\000K\000N\000N}{subsection.2.10}% 27
\BOOKMARK [1][-]{section*.18}{\376\377\004\027\004\020\004\032\004\033\004\056\004\047\004\025\004\035\004\030\004\025}{}% 28
\BOOKMARK [1][-]{section*.19}{\376\377\004\041\004\037\004\030\004\041\004\036\004\032\000\040\004\030\004\041\004\037\004\036\004\033\004\054\004\027\004\036\004\022\004\020\004\035\004\035\004\053\004\045\000\040\004\030\004\041\004\042\004\036\004\047\004\035\004\030\004\032\004\036\004\022}{}% 29
\BOOKMARK [1][-]{appendix.A}{\376\377\004\034\004\076\004\064\004\065\004\073\004\114\000\040\004\075\004\060\000\040\004\076\004\101\004\075\004\076\004\062\004\065\000\040\004\101\004\100\004\065\004\064\004\075\004\065\004\063\004\076\000\040\004\067\004\075\004\060\004\107\004\065\004\075\004\070\004\117\000,\000\040\004\101\004\100\004\065\004\064\004\075\004\065\004\062\004\067\004\062\004\065\004\110\004\065\004\075\004\075\004\076\004\071\000\040\004\076\004\106\004\065\004\075\004\072\004\070\000,\000\040\004\072\004\073\004\060\004\101\004\102\004\065\004\100\004\070\004\067\004\060\004\106\004\070\004\070}{}% 30
\BOOKMARK [1][-]{appendix.B}{\376\377\004\040\004\065\004\072\004\076\004\074\004\065\004\075\004\064\004\060\004\102\004\065\004\073\004\114\004\075\004\060\004\117\000\040\004\101\004\070\004\101\004\102\004\065\004\074\004\060\000\040\004\075\004\060\000\040\004\075\004\065\004\071\004\100\004\076\004\101\004\065\004\102\004\070}{}% 31
\BOOKMARK [1][-]{appendix.C}{\376\377\004\044\004\103\004\075\004\072\004\106\004\070\004\117\000\040\004\077\004\100\004\065\004\064\004\101\004\072\004\060\004\067\004\060\004\075\004\070\004\117\000\040\004\076\004\102\000\040\004\075\004\065\004\071\004\100\004\076\004\101\004\065\004\102\004\070}{}% 32
